<testsuite failures="1" name="test-suite/src/test/java/karate-vs-code-test/vs-code-test.feature" skipped="0" tests="1" time="0.351929">
  <testcase classname="test-suite.src.test.java.karate-vs-code-test.vs-code-test" name="Test that it gets Karate Config properly" time="0.351929">
    <failure message="vs-code-test.feature:10 - status code was: 404, expected: 200, response time: 65, url: http://localhost:24564/test/v1/test, response: &lt;html&gt;&lt;head&gt;&lt;title&gt;Apache Tomcat/7.0.59 - Error report&lt;/title&gt;&lt;style&gt;&lt;!--H1 {font-family:Tahoma,Arial,sans-serif;color:white;background-color:#525D76;font-size:22px;} H2 {font-family:Tahoma,Arial,sans-serif;color:white;background-color:#525D76;font-size:16px;} H3 {font-family:Tahoma,Arial,sans-serif;color:white;background-color:#525D76;font-size:14px;} BODY {font-family:Tahoma,Arial,sans-serif;color:black;background-color:white;} B {font-family:Tahoma,Arial,sans-serif;color:white;background-color:#525D76;} P {font-family:Tahoma,Arial,sans-serif;background:white;color:black;font-size:12px;}A {color : black;}A.name {color : black;}HR {color : #525D76;}--&gt;&lt;/style&gt; &lt;/head&gt;&lt;body&gt;&lt;h1&gt;HTTP Status 404 - /test/v1/test&lt;/h1&gt;&lt;HR size=&quot;1&quot; noshade=&quot;noshade&quot;&gt;&lt;p&gt;&lt;b&gt;type&lt;/b&gt; Status report&lt;/p&gt;&lt;p&gt;&lt;b&gt;message&lt;/b&gt; &lt;u&gt;/test/v1/test&lt;/u&gt;&lt;/p&gt;&lt;p&gt;&lt;b&gt;description&lt;/b&gt; &lt;u&gt;The requested resource is not available.&lt;/u&gt;&lt;/p&gt;&lt;HR size=&quot;1&quot; noshade=&quot;noshade&quot;&gt;&lt;h3&gt;Apache Tomcat/7.0.59&lt;/h3&gt;&lt;/body&gt;&lt;/html&gt;">* url serviceUrl .......................................................... passed
* json payload = read('classpath:payload.json') ........................... passed
Given path 'v1', 'test' ................................................... passed
And request payload ....................................................... passed
When method post .......................................................... passed
Then status 200 ........................................................... failed

Stack Trace:
com.intuit.karate.exception.KarateException: vs-code-test.feature:10 - status code was: 404, expected: 200, response time: 65, url: http://localhost:24564/test/v1/test, response: &lt;html&gt;&lt;head&gt;&lt;title&gt;Apache Tomcat/7.0.59 - Error report&lt;/title&gt;&lt;style&gt;&lt;!--H1 {font-family:Tahoma,Arial,sans-serif;color:white;background-color:#525D76;font-size:22px;} H2 {font-family:Tahoma,Arial,sans-serif;color:white;background-color:#525D76;font-size:16px;} H3 {font-family:Tahoma,Arial,sans-serif;color:white;background-color:#525D76;font-size:14px;} BODY {font-family:Tahoma,Arial,sans-serif;color:black;background-color:white;} B {font-family:Tahoma,Arial,sans-serif;color:white;background-color:#525D76;} P {font-family:Tahoma,Arial,sans-serif;background:white;color:black;font-size:12px;}A {color : black;}A.name {color : black;}HR {color : #525D76;}--&gt;&lt;/style&gt; &lt;/head&gt;&lt;body&gt;&lt;h1&gt;HTTP Status 404 - /test/v1/test&lt;/h1&gt;&lt;HR size="1" noshade="noshade"&gt;&lt;p&gt;&lt;b&gt;type&lt;/b&gt; Status report&lt;/p&gt;&lt;p&gt;&lt;b&gt;message&lt;/b&gt; &lt;u&gt;/test/v1/test&lt;/u&gt;&lt;/p&gt;&lt;p&gt;&lt;b&gt;description&lt;/b&gt; &lt;u&gt;The requested resource is not available.&lt;/u&gt;&lt;/p&gt;&lt;HR size="1" noshade="noshade"&gt;&lt;h3&gt;Apache Tomcat/7.0.59&lt;/h3&gt;&lt;/body&gt;&lt;/html&gt;
	at ✽.Then status 200 (vs-code-test.feature:10)</failure>
  </testcase>
</testsuite>
